ReferenceError: app is not defined
    at Object.<anonymous> (/var/www/bot.mgnyi.win/controllers/home.js:19:1)
    at Module._compile (module.js:570:32)
    at Object.Module._extensions..js (module.js:579:10)
    at Module.load (module.js:487:32)
    at tryModuleLoad (module.js:446:12)
    at Function.Module._load (module.js:438:3)
    at Module.require (module.js:497:17)
    at require (internal/module.js:20:19)
    at Object.<anonymous> (/var/www/bot.mgnyi.win/controllers/index.js:5:17)
    at Module._compile (module.js:570:32)
ReferenceError: app is not defined
    at Object.<anonymous> (/var/www/bot.mgnyi.win/controllers/home.js:19:1)
    at Module._compile (module.js:570:32)
    at Object.Module._extensions..js (module.js:579:10)
    at Module.load (module.js:487:32)
    at tryModuleLoad (module.js:446:12)
    at Function.Module._load (module.js:438:3)
    at Module.require (module.js:497:17)
    at require (internal/module.js:20:19)
    at Object.<anonymous> (/var/www/bot.mgnyi.win/controllers/index.js:5:17)
    at Module._compile (module.js:570:32)
ReferenceError: app is not defined
    at Object.<anonymous> (/var/www/bot.mgnyi.win/controllers/home.js:19:1)
    at Module._compile (module.js:570:32)
    at Object.Module._extensions..js (module.js:579:10)
    at Module.load (module.js:487:32)
    at tryModuleLoad (module.js:446:12)
    at Function.Module._load (module.js:438:3)
    at Module.require (module.js:497:17)
    at require (internal/module.js:20:19)
    at Object.<anonymous> (/var/www/bot.mgnyi.win/controllers/index.js:5:17)
    at Module._compile (module.js:570:32)
ReferenceError: app is not defined
    at Object.<anonymous> (/var/www/bot.mgnyi.win/controllers/home.js:19:1)
    at Module._compile (module.js:570:32)
    at Object.Module._extensions..js (module.js:579:10)
    at Module.load (module.js:487:32)
    at tryModuleLoad (module.js:446:12)
    at Function.Module._load (module.js:438:3)
    at Module.require (module.js:497:17)
    at require (internal/module.js:20:19)
    at Object.<anonymous> (/var/www/bot.mgnyi.win/controllers/index.js:5:17)
    at Module._compile (module.js:570:32)
ReferenceError: app is not defined
    at Object.<anonymous> (/var/www/bot.mgnyi.win/controllers/home.js:19:1)
    at Module._compile (module.js:570:32)
    at Object.Module._extensions..js (module.js:579:10)
    at Module.load (module.js:487:32)
    at tryModuleLoad (module.js:446:12)
    at Function.Module._load (module.js:438:3)
    at Module.require (module.js:497:17)
    at require (internal/module.js:20:19)
    at Object.<anonymous> (/var/www/bot.mgnyi.win/controllers/index.js:5:17)
    at Module._compile (module.js:570:32)
ReferenceError: app is not defined
    at Object.<anonymous> (/var/www/bot.mgnyi.win/controllers/home.js:19:1)
    at Module._compile (module.js:570:32)
    at Object.Module._extensions..js (module.js:579:10)
    at Module.load (module.js:487:32)
    at tryModuleLoad (module.js:446:12)
    at Function.Module._load (module.js:438:3)
    at Module.require (module.js:497:17)
    at require (internal/module.js:20:19)
    at Object.<anonymous> (/var/www/bot.mgnyi.win/controllers/index.js:5:17)
    at Module._compile (module.js:570:32)
ReferenceError: app is not defined
    at Object.<anonymous> (/var/www/bot.mgnyi.win/controllers/home.js:19:1)
    at Module._compile (module.js:570:32)
    at Object.Module._extensions..js (module.js:579:10)
    at Module.load (module.js:487:32)
    at tryModuleLoad (module.js:446:12)
    at Function.Module._load (module.js:438:3)
    at Module.require (module.js:497:17)
    at require (internal/module.js:20:19)
    at Object.<anonymous> (/var/www/bot.mgnyi.win/controllers/index.js:5:17)
    at Module._compile (module.js:570:32)
ReferenceError: app is not defined
    at Object.<anonymous> (/var/www/bot.mgnyi.win/controllers/home.js:19:1)
    at Module._compile (module.js:570:32)
    at Object.Module._extensions..js (module.js:579:10)
    at Module.load (module.js:487:32)
    at tryModuleLoad (module.js:446:12)
    at Function.Module._load (module.js:438:3)
    at Module.require (module.js:497:17)
    at require (internal/module.js:20:19)
    at Object.<anonymous> (/var/www/bot.mgnyi.win/controllers/index.js:5:17)
    at Module._compile (module.js:570:32)
ReferenceError: app is not defined
    at Object.<anonymous> (/var/www/bot.mgnyi.win/controllers/home.js:19:1)
    at Module._compile (module.js:570:32)
    at Object.Module._extensions..js (module.js:579:10)
    at Module.load (module.js:487:32)
    at tryModuleLoad (module.js:446:12)
    at Function.Module._load (module.js:438:3)
    at Module.require (module.js:497:17)
    at require (internal/module.js:20:19)
    at Object.<anonymous> (/var/www/bot.mgnyi.win/controllers/index.js:5:17)
    at Module._compile (module.js:570:32)
ReferenceError: app is not defined
    at Object.<anonymous> (/var/www/bot.mgnyi.win/controllers/home.js:19:1)
    at Module._compile (module.js:570:32)
    at Object.Module._extensions..js (module.js:579:10)
    at Module.load (module.js:487:32)
    at tryModuleLoad (module.js:446:12)
    at Function.Module._load (module.js:438:3)
    at Module.require (module.js:497:17)
    at require (internal/module.js:20:19)
    at Object.<anonymous> (/var/www/bot.mgnyi.win/controllers/index.js:5:17)
    at Module._compile (module.js:570:32)
ReferenceError: app is not defined
    at Object.<anonymous> (/var/www/bot.mgnyi.win/controllers/home.js:19:1)
    at Module._compile (module.js:570:32)
    at Object.Module._extensions..js (module.js:579:10)
    at Module.load (module.js:487:32)
    at tryModuleLoad (module.js:446:12)
    at Function.Module._load (module.js:438:3)
    at Module.require (module.js:497:17)
    at require (internal/module.js:20:19)
    at Object.<anonymous> (/var/www/bot.mgnyi.win/controllers/index.js:5:17)
    at Module._compile (module.js:570:32)
ReferenceError: app is not defined
    at Object.<anonymous> (/var/www/bot.mgnyi.win/controllers/home.js:19:1)
    at Module._compile (module.js:570:32)
    at Object.Module._extensions..js (module.js:579:10)
    at Module.load (module.js:487:32)
    at tryModuleLoad (module.js:446:12)
    at Function.Module._load (module.js:438:3)
    at Module.require (module.js:497:17)
    at require (internal/module.js:20:19)
    at Object.<anonymous> (/var/www/bot.mgnyi.win/controllers/index.js:5:17)
    at Module._compile (module.js:570:32)
ReferenceError: app is not defined
    at Object.<anonymous> (/var/www/bot.mgnyi.win/controllers/home.js:19:1)
    at Module._compile (module.js:570:32)
    at Object.Module._extensions..js (module.js:579:10)
    at Module.load (module.js:487:32)
    at tryModuleLoad (module.js:446:12)
    at Function.Module._load (module.js:438:3)
    at Module.require (module.js:497:17)
    at require (internal/module.js:20:19)
    at Object.<anonymous> (/var/www/bot.mgnyi.win/controllers/index.js:5:17)
    at Module._compile (module.js:570:32)
ReferenceError: app is not defined
    at Object.<anonymous> (/var/www/bot.mgnyi.win/controllers/home.js:19:1)
    at Module._compile (module.js:570:32)
    at Object.Module._extensions..js (module.js:579:10)
    at Module.load (module.js:487:32)
    at tryModuleLoad (module.js:446:12)
    at Function.Module._load (module.js:438:3)
    at Module.require (module.js:497:17)
    at require (internal/module.js:20:19)
    at Object.<anonymous> (/var/www/bot.mgnyi.win/controllers/index.js:5:17)
    at Module._compile (module.js:570:32)
ReferenceError: app is not defined
    at Object.<anonymous> (/var/www/bot.mgnyi.win/controllers/home.js:19:1)
    at Module._compile (module.js:570:32)
    at Object.Module._extensions..js (module.js:579:10)
    at Module.load (module.js:487:32)
    at tryModuleLoad (module.js:446:12)
    at Function.Module._load (module.js:438:3)
    at Module.require (module.js:497:17)
    at require (internal/module.js:20:19)
    at Object.<anonymous> (/var/www/bot.mgnyi.win/controllers/index.js:5:17)
    at Module._compile (module.js:570:32)
ReferenceError: app is not defined
    at Object.<anonymous> (/var/www/bot.mgnyi.win/controllers/home.js:19:1)
    at Module._compile (module.js:570:32)
    at Object.Module._extensions..js (module.js:579:10)
    at Module.load (module.js:487:32)
    at tryModuleLoad (module.js:446:12)
    at Function.Module._load (module.js:438:3)
    at Module.require (module.js:497:17)
    at require (internal/module.js:20:19)
    at Object.<anonymous> (/var/www/bot.mgnyi.win/controllers/index.js:5:17)
    at Module._compile (module.js:570:32)
ReferenceError: app is not defined
    at Object.<anonymous> (/var/www/bot.mgnyi.win/controllers/home.js:19:1)
    at Module._compile (module.js:570:32)
    at Object.Module._extensions..js (module.js:579:10)
    at Module.load (module.js:487:32)
    at tryModuleLoad (module.js:446:12)
    at Function.Module._load (module.js:438:3)
    at Module.require (module.js:497:17)
    at require (internal/module.js:20:19)
    at Object.<anonymous> (/var/www/bot.mgnyi.win/controllers/index.js:5:17)
    at Module._compile (module.js:570:32)
2017-11-19 10:36:53: ReferenceError: q13 is not defined
    at calculateTest (/var/www/bot.mgnyi.win/controllers/home.js:420:25)
    at /var/www/bot.mgnyi.win/controllers/home.js:132:21
    at Layer.handle [as handle_request] (/var/www/bot.mgnyi.win/node_modules/express/lib/router/layer.js:95:5)
    at next (/var/www/bot.mgnyi.win/node_modules/express/lib/router/route.js:137:13)
    at Route.dispatch (/var/www/bot.mgnyi.win/node_modules/express/lib/router/route.js:112:3)
    at Layer.handle [as handle_request] (/var/www/bot.mgnyi.win/node_modules/express/lib/router/layer.js:95:5)
    at /var/www/bot.mgnyi.win/node_modules/express/lib/router/index.js:281:22
    at Function.process_params (/var/www/bot.mgnyi.win/node_modules/express/lib/router/index.js:335:12)
    at next (/var/www/bot.mgnyi.win/node_modules/express/lib/router/index.js:275:10)
    at Function.handle (/var/www/bot.mgnyi.win/node_modules/express/lib/router/index.js:174:3)
2017-11-19 10:37:57: TypeError: Cannot read property 'length' of undefined
    at /var/www/bot.mgnyi.win/controllers/home.js:121:27
    at Layer.handle [as handle_request] (/var/www/bot.mgnyi.win/node_modules/express/lib/router/layer.js:95:5)
    at next (/var/www/bot.mgnyi.win/node_modules/express/lib/router/route.js:137:13)
    at Route.dispatch (/var/www/bot.mgnyi.win/node_modules/express/lib/router/route.js:112:3)
    at Layer.handle [as handle_request] (/var/www/bot.mgnyi.win/node_modules/express/lib/router/layer.js:95:5)
    at /var/www/bot.mgnyi.win/node_modules/express/lib/router/index.js:281:22
    at Function.process_params (/var/www/bot.mgnyi.win/node_modules/express/lib/router/index.js:335:12)
    at next (/var/www/bot.mgnyi.win/node_modules/express/lib/router/index.js:275:10)
    at Function.handle (/var/www/bot.mgnyi.win/node_modules/express/lib/router/index.js:174:3)
    at router (/var/www/bot.mgnyi.win/node_modules/express/lib/router/index.js:47:12)
2017-11-19 10:37:57: TypeError: Cannot read property 'length' of undefined
    at /var/www/bot.mgnyi.win/controllers/home.js:121:27
    at Layer.handle [as handle_request] (/var/www/bot.mgnyi.win/node_modules/express/lib/router/layer.js:95:5)
    at next (/var/www/bot.mgnyi.win/node_modules/express/lib/router/route.js:137:13)
    at Route.dispatch (/var/www/bot.mgnyi.win/node_modules/express/lib/router/route.js:112:3)
    at Layer.handle [as handle_request] (/var/www/bot.mgnyi.win/node_modules/express/lib/router/layer.js:95:5)
    at /var/www/bot.mgnyi.win/node_modules/express/lib/router/index.js:281:22
    at Function.process_params (/var/www/bot.mgnyi.win/node_modules/express/lib/router/index.js:335:12)
    at next (/var/www/bot.mgnyi.win/node_modules/express/lib/router/index.js:275:10)
    at Function.handle (/var/www/bot.mgnyi.win/node_modules/express/lib/router/index.js:174:3)
    at router (/var/www/bot.mgnyi.win/node_modules/express/lib/router/index.js:47:12)
2017-11-19 10:37:58: TypeError: Cannot read property 'length' of undefined
    at /var/www/bot.mgnyi.win/controllers/home.js:121:27
    at Layer.handle [as handle_request] (/var/www/bot.mgnyi.win/node_modules/express/lib/router/layer.js:95:5)
    at next (/var/www/bot.mgnyi.win/node_modules/express/lib/router/route.js:137:13)
    at Route.dispatch (/var/www/bot.mgnyi.win/node_modules/express/lib/router/route.js:112:3)
    at Layer.handle [as handle_request] (/var/www/bot.mgnyi.win/node_modules/express/lib/router/layer.js:95:5)
    at /var/www/bot.mgnyi.win/node_modules/express/lib/router/index.js:281:22
    at Function.process_params (/var/www/bot.mgnyi.win/node_modules/express/lib/router/index.js:335:12)
    at next (/var/www/bot.mgnyi.win/node_modules/express/lib/router/index.js:275:10)
    at Function.handle (/var/www/bot.mgnyi.win/node_modules/express/lib/router/index.js:174:3)
    at router (/var/www/bot.mgnyi.win/node_modules/express/lib/router/index.js:47:12)
